<!DOCTYPE html PUBLIC "-//W3C//DTD XHTML 1.1//EN" "https://www.w3.org/TR/xhtml11/DTD/xhtml11.dtd">
<html xmlns="https://www.w3.org/1999/xhtml">
<head>
<meta http-equiv="content-type" content="text/html; charset=UTF-8"/>
<title>TestNG Report</title>
<style type="text/css">table {margin-bottom:10px;border-collapse:collapse;empty-cells:show}th,td {border:1px solid #009;padding:.25em .5em}th {vertical-align:bottom}td {vertical-align:top}table a {font-weight:bold}.stripe td {background-color: #E6EBF9}.num {text-align:right}.passedodd td {background-color: #3F3}.passedeven td {background-color: #0A0}.skippedodd td {background-color: #DDD}.skippedeven td {background-color: #CCC}.failedodd td,.attn {background-color: #F33}.failedeven td,.stripe .attn {background-color: #D00}.stacktrace {white-space:pre;font-family:monospace}.totop {font-size:85%;text-align:center;border-bottom:2px solid #000}.invisible {display:none}</style>
</head>
<body>
<table>
<tr><th>Test</th><th># Passed</th><th># Skipped</th><th># Retried</th><th># Failed</th><th>Time (ms)</th><th>Included Groups</th><th>Excluded Groups</th></tr>
<tr><th colspan="8">SauceDemoSuite</th></tr>
<tr><td><a href="#t0">Login Test</a></td><td class="num">27</td><td class="num">0</td><td class="num">0</td><td class="num attn">10</td><td class="num">168,046</td><td></td><td></td></tr>
</table>
<table id='summary'><thead><tr><th>Class</th><th>Method</th><th>Start</th><th>Time (ms)</th></tr></thead><tbody><tr><th colspan="4">SauceDemoSuite</th></tr></tbody><tbody id="t0"><tr><th colspan="4">Login Test &#8212; failed</th></tr><tr class="failedeven"><td rowspan="5">tests.CartTest</td><td><a href="#m0">addMultipleItemsToCartAndVerify</a></td><td rowspan="1">1753070748916</td><td rowspan="1">359</td></tr><tr class="failedeven"><td><a href="#m1">addProductAndVerifyInCart</a></td><td rowspan="1">1753070752745</td><td rowspan="1">191</td></tr><tr class="failedeven"><td><a href="#m2">badgeCountMatchesCartItems</a></td><td rowspan="1">1753070756396</td><td rowspan="1">230</td></tr><tr class="failedeven"><td><a href="#m3">continueShoppingReturnsToProducts</a></td><td rowspan="1">1753070768119</td><td rowspan="1">216</td></tr><tr class="failedeven"><td><a href="#m4">removeItemFromCartPage</a></td><td rowspan="1">1753070775715</td><td rowspan="1">219</td></tr><tr class="failedodd"><td rowspan="4">tests.ProductTest</td><td><a href="#m5">addAllProductsToCart</a></td><td rowspan="1">1753070710536</td><td rowspan="1">558</td></tr><tr class="failedodd"><td><a href="#m6">addSingleProductToCart</a></td><td rowspan="1">1753070714618</td><td rowspan="1">158</td></tr><tr class="failedodd"><td><a href="#m7">openProductDetails</a></td><td rowspan="1">1753070718400</td><td rowspan="1">138</td></tr><tr class="failedodd"><td><a href="#m8">verifyCartBadgeCount</a></td><td rowspan="1">1753070741386</td><td rowspan="1">186</td></tr><tr class="failedeven"><td rowspan="1">tests.ProductUITest</td><td><a href="#m9">verifyInputSanitizationInCheckout</a></td><td rowspan="1">1753070808868</td><td rowspan="1">126</td></tr><tr><th colspan="4">Login Test &#8212; passed</th></tr><tr class="passedeven"><td rowspan="5">tests.CartTest</td><td><a href="#m10">cartPageWithoutAddingItems</a></td><td rowspan="1">1753070760288</td><td rowspan="1">128</td></tr><tr class="passedeven"><td><a href="#m11">checkoutButtonNavigatesToCheckoutStepOne</a></td><td rowspan="1">1753070764054</td><td rowspan="1">342</td></tr><tr class="passedeven"><td><a href="#m12">freshLoginHasEmptyCart</a></td><td rowspan="1">1753070771956</td><td rowspan="1">207</td></tr><tr class="passedeven"><td><a href="#m13">verifyProductNameInCart</a></td><td rowspan="1">1753070779548</td><td rowspan="1">221</td></tr><tr class="passedeven"><td><a href="#m14">verifyProductPriceInCart</a></td><td rowspan="1">1753070783483</td><td rowspan="1">251</td></tr><tr class="passedodd"><td rowspan="10">tests.LoginTest</td><td><a href="#m15">bothInvalid</a></td><td rowspan="1">1753070673989</td><td rowspan="1">883</td></tr><tr class="passedodd"><td><a href="#m16">emptyBothFields</a></td><td rowspan="1">1753070677702</td><td rowspan="1">982</td></tr><tr class="passedodd"><td><a href="#m17">emptyPassword</a></td><td rowspan="1">1753070680867</td><td rowspan="1">810</td></tr><tr class="passedodd"><td><a href="#m18">emptyUsername</a></td><td rowspan="1">1753070684341</td><td rowspan="1">856</td></tr><tr class="passedodd"><td><a href="#m19">invalidPassword</a></td><td rowspan="1">1753070687644</td><td rowspan="1">1082</td></tr><tr class="passedodd"><td><a href="#m20">invalidUsername</a></td><td rowspan="1">1753070691414</td><td rowspan="1">705</td></tr><tr class="passedodd"><td><a href="#m21">lockedOutUser</a></td><td rowspan="1">1753070694928</td><td rowspan="1">693</td></tr><tr class="passedodd"><td><a href="#m22">problemUserLogin</a></td><td rowspan="1">1753070698590</td><td rowspan="1">928</td></tr><tr class="passedodd"><td><a href="#m23">usernameCaseSensitivity</a></td><td rowspan="1">1753070702440</td><td rowspan="1">655</td></tr><tr class="passedodd"><td><a href="#m24">validLogin</a></td><td rowspan="1">1753070705940</td><td rowspan="1">801</td></tr><tr class="passedeven"><td rowspan="6">tests.ProductTest</td><td><a href="#m25">removeProductFromCart</a></td><td rowspan="1">1753070721589</td><td rowspan="1">265</td></tr><tr class="passedeven"><td><a href="#m26">sortByNameAZ</a></td><td rowspan="1">1753070725640</td><td rowspan="1">226</td></tr><tr class="passedeven"><td><a href="#m27">sortByNameZA</a></td><td rowspan="1">1753070729721</td><td rowspan="1">334</td></tr><tr class="passedeven"><td><a href="#m28">sortByPriceHighToLow</a></td><td rowspan="1">1753070733801</td><td rowspan="1">231</td></tr><tr class="passedeven"><td><a href="#m29">sortByPriceLowToHigh</a></td><td rowspan="1">1753070737496</td><td rowspan="1">367</td></tr><tr class="passedeven"><td><a href="#m30">verifyPageTitle</a></td><td rowspan="1">1753070745213</td><td rowspan="1">87</td></tr><tr class="passedodd"><td rowspan="6">tests.ProductUITest</td><td><a href="#m31">checkFontSizeOfProductTitle</a></td><td rowspan="1">1753070787456</td><td rowspan="1">38</td></tr><tr class="passedodd"><td><a href="#m32">checkPageTitleText</a></td><td rowspan="1">1753070792737</td><td rowspan="1">86</td></tr><tr class="passedodd"><td><a href="#m33">checkPriceColor</a></td><td rowspan="1">1753070796864</td><td rowspan="1">89</td></tr><tr class="passedodd"><td><a href="#m34">scrollToBottomAndVerifyFooter</a></td><td rowspan="1">1753070800602</td><td rowspan="1">77</td></tr><tr class="passedodd"><td><a href="#m35">validateImagesLoaded</a></td><td rowspan="1">1753070804364</td><td rowspan="1">46</td></tr><tr class="passedodd"><td><a href="#m36">verifyLogoIsVisible</a></td><td rowspan="1">1753070812964</td><td rowspan="1">58</td></tr></tbody>
</table>
<h2>Login Test</h2><h3 id="m0">tests.CartTest#addMultipleItemsToCartAndVerify</h3><table class="result"><tr><th>Exception</th></tr><tr><td><div class="stacktrace">java.lang.AssertionError: expected [2] but found [0]
	at tests.CartTest.addMultipleItemsToCartAndVerify(CartTest.java:93)
	at java.base/java.util.ArrayList.forEach(ArrayList.java:1596)
... Removed 31 stack frames</div></td></tr></table><p class="totop"><a href="#summary">back to summary</a></p>
<h3 id="m1">tests.CartTest#addProductAndVerifyInCart</h3><table class="result"><tr><th>Exception</th></tr><tr><td><div class="stacktrace">java.lang.AssertionError: expected [1] but found [0]
	at tests.CartTest.addProductAndVerifyInCart(CartTest.java:37)
	at java.base/java.util.ArrayList.forEach(ArrayList.java:1596)
... Removed 31 stack frames</div></td></tr></table><p class="totop"><a href="#summary">back to summary</a></p>
<h3 id="m2">tests.CartTest#badgeCountMatchesCartItems</h3><table class="result"><tr><th>Exception</th></tr><tr><td><div class="stacktrace">org.openqa.selenium.NoSuchElementException: no such element: Unable to locate element: {&quot;method&quot;:&quot;css selector&quot;,&quot;selector&quot;:&quot;.shopping_cart_badge&quot;}
  (Session info: chrome=138.0.7204.158)
For documentation on this error, please visit: https://www.selenium.dev/documentation/webdriver/troubleshooting/errors#no-such-element-exception
Build info: version: &apos;4.21.0&apos;, revision: &apos;79ed462ef4&apos;
System info: os.name: &apos;Windows Server 2025&apos;, os.arch: &apos;amd64&apos;, os.version: &apos;10.0&apos;, java.version: &apos;21.0.8&apos;
Driver info: org.openqa.selenium.chrome.ChromeDriver
Command: [e2ffd704c1301cfc4c929acf5d3f714b, findElement {using=class name, value=shopping_cart_badge}]
Capabilities {acceptInsecureCerts: false, browserName: chrome, browserVersion: 138.0.7204.158, chrome: {chromedriverVersion: 138.0.7204.157 (e533e98b126..., userDataDir: C:\Users\LABSKR~1\AppData\L...}, fedcm:accounts: true, goog:chromeOptions: {debuggerAddress: localhost:50299}, networkConnectionEnabled: false, pageLoadStrategy: normal, platformName: windows, proxy: Proxy(), se:cdp: ws://localhost:50299/devtoo..., se:cdpVersion: 138.0.7204.158, setWindowRect: true, strictFileInteractability: false, timeouts: {implicit: 0, pageLoad: 300000, script: 30000}, unhandledPromptBehavior: dismiss and notify, webauthn:extension:credBlob: true, webauthn:extension:largeBlob: true, webauthn:extension:minPinLength: true, webauthn:extension:prf: true, webauthn:virtualAuthenticators: true}
Session ID: e2ffd704c1301cfc4c929acf5d3f714b
	at org.openqa.selenium.remote.ErrorCodec.decode(ErrorCodec.java:167)
	at org.openqa.selenium.remote.codec.w3c.W3CHttpResponseCodec.decode(W3CHttpResponseCodec.java:138)
	at org.openqa.selenium.remote.codec.w3c.W3CHttpResponseCodec.decode(W3CHttpResponseCodec.java:50)
	at org.openqa.selenium.remote.HttpCommandExecutor.execute(HttpCommandExecutor.java:190)
	at org.openqa.selenium.remote.service.DriverCommandExecutor.invokeExecute(DriverCommandExecutor.java:216)
	at org.openqa.selenium.remote.service.DriverCommandExecutor.execute(DriverCommandExecutor.java:174)
	at org.openqa.selenium.remote.RemoteWebDriver.execute(RemoteWebDriver.java:518)
	at org.openqa.selenium.remote.ElementLocation$ElementFinder$2.findElement(ElementLocation.java:165)
	at org.openqa.selenium.remote.ElementLocation.findElement(ElementLocation.java:66)
	at org.openqa.selenium.remote.RemoteWebDriver.findElement(RemoteWebDriver.java:355)
	at org.openqa.selenium.remote.RemoteWebDriver.findElement(RemoteWebDriver.java:349)
	at tests.CartTest.badgeCountMatchesCartItems(CartTest.java:113)
	at java.base/java.util.ArrayList.forEach(ArrayList.java:1596)
... Removed 28 stack frames</div></td></tr></table><p class="totop"><a href="#summary">back to summary</a></p>
<h3 id="m3">tests.CartTest#continueShoppingReturnsToProducts</h3><table class="result"><tr><th>Exception</th></tr><tr><td><div class="stacktrace">org.openqa.selenium.NoSuchElementException: no such element: Unable to locate element: {&quot;method&quot;:&quot;css selector&quot;,&quot;selector&quot;:&quot;#continue\-shopping&quot;}
  (Session info: chrome=138.0.7204.158)
For documentation on this error, please visit: https://www.selenium.dev/documentation/webdriver/troubleshooting/errors#no-such-element-exception
Build info: version: &apos;4.21.0&apos;, revision: &apos;79ed462ef4&apos;
System info: os.name: &apos;Windows Server 2025&apos;, os.arch: &apos;amd64&apos;, os.version: &apos;10.0&apos;, java.version: &apos;21.0.8&apos;
Driver info: org.openqa.selenium.chrome.ChromeDriver
Command: [4cb4d5edc189c57e737593523fdd6096, findElement {using=id, value=continue-shopping}]
Capabilities {acceptInsecureCerts: false, browserName: chrome, browserVersion: 138.0.7204.158, chrome: {chromedriverVersion: 138.0.7204.157 (e533e98b126..., userDataDir: C:\Users\LABSKR~1\AppData\L...}, fedcm:accounts: true, goog:chromeOptions: {debuggerAddress: localhost:50377}, networkConnectionEnabled: false, pageLoadStrategy: normal, platformName: windows, proxy: Proxy(), se:cdp: ws://localhost:50377/devtoo..., se:cdpVersion: 138.0.7204.158, setWindowRect: true, strictFileInteractability: false, timeouts: {implicit: 0, pageLoad: 300000, script: 30000}, unhandledPromptBehavior: dismiss and notify, webauthn:extension:credBlob: true, webauthn:extension:largeBlob: true, webauthn:extension:minPinLength: true, webauthn:extension:prf: true, webauthn:virtualAuthenticators: true}
Session ID: 4cb4d5edc189c57e737593523fdd6096
	at org.openqa.selenium.remote.ErrorCodec.decode(ErrorCodec.java:167)
	at org.openqa.selenium.remote.codec.w3c.W3CHttpResponseCodec.decode(W3CHttpResponseCodec.java:138)
	at org.openqa.selenium.remote.codec.w3c.W3CHttpResponseCodec.decode(W3CHttpResponseCodec.java:50)
	at org.openqa.selenium.remote.HttpCommandExecutor.execute(HttpCommandExecutor.java:190)
	at org.openqa.selenium.remote.service.DriverCommandExecutor.invokeExecute(DriverCommandExecutor.java:216)
	at org.openqa.selenium.remote.service.DriverCommandExecutor.execute(DriverCommandExecutor.java:174)
	at org.openqa.selenium.remote.RemoteWebDriver.execute(RemoteWebDriver.java:518)
	at org.openqa.selenium.remote.ElementLocation$ElementFinder$2.findElement(ElementLocation.java:165)
	at org.openqa.selenium.remote.ElementLocation.findElement(ElementLocation.java:59)
	at org.openqa.selenium.remote.RemoteWebDriver.findElement(RemoteWebDriver.java:355)
	at org.openqa.selenium.remote.RemoteWebDriver.findElement(RemoteWebDriver.java:349)
	at org.openqa.selenium.support.pagefactory.DefaultElementLocator.findElement(DefaultElementLocator.java:68)
	at org.openqa.selenium.support.pagefactory.internal.LocatingElementHandler.invoke(LocatingElementHandler.java:38)
	at jdk.proxy2/jdk.proxy2.$Proxy13.click(Unknown Source)
	at pages.CartPage.clickContinueShopping(CartPage.java:44)
	at tests.CartTest.continueShoppingReturnsToProducts(CartTest.java:74)
	at java.base/java.util.ArrayList.forEach(ArrayList.java:1596)
... Removed 28 stack frames</div></td></tr></table><p class="totop"><a href="#summary">back to summary</a></p>
<h3 id="m4">tests.CartTest#removeItemFromCartPage</h3><table class="result"><tr><th>Exception</th></tr><tr><td><div class="stacktrace">org.openqa.selenium.NoSuchElementException: no such element: Unable to locate element: {&quot;method&quot;:&quot;xpath&quot;,&quot;selector&quot;:&quot;//div[text()=&apos;Sauce Labs Backpack&apos;]/ancestor::div[@class=&apos;cart_item&apos;]//button&quot;}
  (Session info: chrome=138.0.7204.158)
For documentation on this error, please visit: https://www.selenium.dev/documentation/webdriver/troubleshooting/errors#no-such-element-exception
Build info: version: &apos;4.21.0&apos;, revision: &apos;79ed462ef4&apos;
System info: os.name: &apos;Windows Server 2025&apos;, os.arch: &apos;amd64&apos;, os.version: &apos;10.0&apos;, java.version: &apos;21.0.8&apos;
Driver info: org.openqa.selenium.chrome.ChromeDriver
Command: [d1c79e554a4456e8805b9f5a7cfbe681, findElement {using=xpath, value=//div[text()=&apos;Sauce Labs Backpack&apos;]/ancestor::div[@class=&apos;cart_item&apos;]//button}]
Capabilities {acceptInsecureCerts: false, browserName: chrome, browserVersion: 138.0.7204.158, chrome: {chromedriverVersion: 138.0.7204.157 (e533e98b126..., userDataDir: C:\Users\LABSKR~1\AppData\L...}, fedcm:accounts: true, goog:chromeOptions: {debuggerAddress: localhost:50431}, networkConnectionEnabled: false, pageLoadStrategy: normal, platformName: windows, proxy: Proxy(), se:cdp: ws://localhost:50431/devtoo..., se:cdpVersion: 138.0.7204.158, setWindowRect: true, strictFileInteractability: false, timeouts: {implicit: 0, pageLoad: 300000, script: 30000}, unhandledPromptBehavior: dismiss and notify, webauthn:extension:credBlob: true, webauthn:extension:largeBlob: true, webauthn:extension:minPinLength: true, webauthn:extension:prf: true, webauthn:virtualAuthenticators: true}
Session ID: d1c79e554a4456e8805b9f5a7cfbe681
	at org.openqa.selenium.remote.ErrorCodec.decode(ErrorCodec.java:167)
	at org.openqa.selenium.remote.codec.w3c.W3CHttpResponseCodec.decode(W3CHttpResponseCodec.java:138)
	at org.openqa.selenium.remote.codec.w3c.W3CHttpResponseCodec.decode(W3CHttpResponseCodec.java:50)
	at org.openqa.selenium.remote.HttpCommandExecutor.execute(HttpCommandExecutor.java:190)
	at org.openqa.selenium.remote.service.DriverCommandExecutor.invokeExecute(DriverCommandExecutor.java:216)
	at org.openqa.selenium.remote.service.DriverCommandExecutor.execute(DriverCommandExecutor.java:174)
	at org.openqa.selenium.remote.RemoteWebDriver.execute(RemoteWebDriver.java:518)
	at org.openqa.selenium.remote.ElementLocation$ElementFinder$2.findElement(ElementLocation.java:165)
	at org.openqa.selenium.remote.ElementLocation.findElement(ElementLocation.java:59)
	at org.openqa.selenium.remote.RemoteWebDriver.findElement(RemoteWebDriver.java:355)
	at org.openqa.selenium.remote.RemoteWebDriver.findElement(RemoteWebDriver.java:349)
	at pages.CartPage.removeItemByName(CartPage.java:52)
	at tests.CartTest.removeItemFromCartPage(CartTest.java:64)
	at java.base/java.util.ArrayList.forEach(ArrayList.java:1596)
... Removed 28 stack frames</div></td></tr></table><p class="totop"><a href="#summary">back to summary</a></p>
<h3 id="m5">tests.ProductTest#addAllProductsToCart</h3><table class="result"><tr><th>Exception</th></tr><tr><td><div class="stacktrace">java.lang.AssertionError: expected [6] but found [0]
	at tests.ProductTest.addAllProductsToCart(ProductTest.java:46)
	at java.base/java.util.ArrayList.forEach(ArrayList.java:1596)
... Removed 31 stack frames</div></td></tr></table><p class="totop"><a href="#summary">back to summary</a></p>
<h3 id="m6">tests.ProductTest#addSingleProductToCart</h3><table class="result"><tr><th>Exception</th></tr><tr><td><div class="stacktrace">java.lang.AssertionError: expected [1] but found [0]
	at tests.ProductTest.addSingleProductToCart(ProductTest.java:37)
	at java.base/java.util.ArrayList.forEach(ArrayList.java:1596)
... Removed 31 stack frames</div></td></tr></table><p class="totop"><a href="#summary">back to summary</a></p>
<h3 id="m7">tests.ProductTest#openProductDetails</h3><table class="result"><tr><th>Exception</th></tr><tr><td><div class="stacktrace">java.lang.AssertionError: expected [true] but found [false]
	at tests.ProductTest.openProductDetails(ProductTest.java:90)
	at java.base/java.util.ArrayList.forEach(ArrayList.java:1596)
... Removed 29 stack frames</div></td></tr></table><p class="totop"><a href="#summary">back to summary</a></p>
<h3 id="m8">tests.ProductTest#verifyCartBadgeCount</h3><table class="result"><tr><th>Exception</th></tr><tr><td><div class="stacktrace">java.lang.AssertionError: expected [2] but found [0]
	at tests.ProductTest.verifyCartBadgeCount(ProductTest.java:60)
	at java.base/java.util.ArrayList.forEach(ArrayList.java:1596)
... Removed 31 stack frames</div></td></tr></table><p class="totop"><a href="#summary">back to summary</a></p>
<h3 id="m9">tests.ProductUITest#verifyInputSanitizationInCheckout</h3><table class="result"><tr><th>Exception</th></tr><tr><td><div class="stacktrace">org.openqa.selenium.NoSuchElementException: no such element: Unable to locate element: {&quot;method&quot;:&quot;css selector&quot;,&quot;selector&quot;:&quot;#checkout&quot;}
  (Session info: chrome=138.0.7204.158)
For documentation on this error, please visit: https://www.selenium.dev/documentation/webdriver/troubleshooting/errors#no-such-element-exception
Build info: version: &apos;4.21.0&apos;, revision: &apos;79ed462ef4&apos;
System info: os.name: &apos;Windows Server 2025&apos;, os.arch: &apos;amd64&apos;, os.version: &apos;10.0&apos;, java.version: &apos;21.0.8&apos;
Driver info: org.openqa.selenium.chrome.ChromeDriver
Command: [c3ecb32b27305be905f6a22ddef52e86, findElement {using=id, value=checkout}]
Capabilities {acceptInsecureCerts: false, browserName: chrome, browserVersion: 138.0.7204.158, chrome: {chromedriverVersion: 138.0.7204.157 (e533e98b126..., userDataDir: C:\Users\LABSKR~1\AppData\L...}, fedcm:accounts: true, goog:chromeOptions: {debuggerAddress: localhost:50638}, networkConnectionEnabled: false, pageLoadStrategy: normal, platformName: windows, proxy: Proxy(), se:cdp: ws://localhost:50638/devtoo..., se:cdpVersion: 138.0.7204.158, setWindowRect: true, strictFileInteractability: false, timeouts: {implicit: 0, pageLoad: 300000, script: 30000}, unhandledPromptBehavior: dismiss and notify, webauthn:extension:credBlob: true, webauthn:extension:largeBlob: true, webauthn:extension:minPinLength: true, webauthn:extension:prf: true, webauthn:virtualAuthenticators: true}
Session ID: c3ecb32b27305be905f6a22ddef52e86
	at org.openqa.selenium.remote.ErrorCodec.decode(ErrorCodec.java:167)
	at org.openqa.selenium.remote.codec.w3c.W3CHttpResponseCodec.decode(W3CHttpResponseCodec.java:138)
	at org.openqa.selenium.remote.codec.w3c.W3CHttpResponseCodec.decode(W3CHttpResponseCodec.java:50)
	at org.openqa.selenium.remote.HttpCommandExecutor.execute(HttpCommandExecutor.java:190)
	at org.openqa.selenium.remote.service.DriverCommandExecutor.invokeExecute(DriverCommandExecutor.java:216)
	at org.openqa.selenium.remote.service.DriverCommandExecutor.execute(DriverCommandExecutor.java:174)
	at org.openqa.selenium.remote.RemoteWebDriver.execute(RemoteWebDriver.java:518)
	at org.openqa.selenium.remote.ElementLocation$ElementFinder$2.findElement(ElementLocation.java:165)
	at org.openqa.selenium.remote.ElementLocation.findElement(ElementLocation.java:59)
	at org.openqa.selenium.remote.RemoteWebDriver.findElement(RemoteWebDriver.java:355)
	at org.openqa.selenium.remote.RemoteWebDriver.findElement(RemoteWebDriver.java:349)
	at tests.ProductUITest.verifyInputSanitizationInCheckout(ProductUITest.java:72)
	at java.base/java.util.ArrayList.forEach(ArrayList.java:1596)
... Removed 28 stack frames</div></td></tr></table><p class="totop"><a href="#summary">back to summary</a></p>
<h3 id="m10">tests.CartTest#cartPageWithoutAddingItems</h3><table class="result"><tr><th class="invisible"/></tr></table><p class="totop"><a href="#summary">back to summary</a></p>
<h3 id="m11">tests.CartTest#checkoutButtonNavigatesToCheckoutStepOne</h3><table class="result"><tr><th class="invisible"/></tr></table><p class="totop"><a href="#summary">back to summary</a></p>
<h3 id="m12">tests.CartTest#freshLoginHasEmptyCart</h3><table class="result"><tr><th class="invisible"/></tr></table><p class="totop"><a href="#summary">back to summary</a></p>
<h3 id="m13">tests.CartTest#verifyProductNameInCart</h3><table class="result"><tr><th class="invisible"/></tr></table><p class="totop"><a href="#summary">back to summary</a></p>
<h3 id="m14">tests.CartTest#verifyProductPriceInCart</h3><table class="result"><tr><th class="invisible"/></tr></table><p class="totop"><a href="#summary">back to summary</a></p>
<h3 id="m15">tests.LoginTest#bothInvalid</h3><table class="result"><tr><th class="invisible"/></tr></table><p class="totop"><a href="#summary">back to summary</a></p>
<h3 id="m16">tests.LoginTest#emptyBothFields</h3><table class="result"><tr><th class="invisible"/></tr></table><p class="totop"><a href="#summary">back to summary</a></p>
<h3 id="m17">tests.LoginTest#emptyPassword</h3><table class="result"><tr><th class="invisible"/></tr></table><p class="totop"><a href="#summary">back to summary</a></p>
<h3 id="m18">tests.LoginTest#emptyUsername</h3><table class="result"><tr><th class="invisible"/></tr></table><p class="totop"><a href="#summary">back to summary</a></p>
<h3 id="m19">tests.LoginTest#invalidPassword</h3><table class="result"><tr><th class="invisible"/></tr></table><p class="totop"><a href="#summary">back to summary</a></p>
<h3 id="m20">tests.LoginTest#invalidUsername</h3><table class="result"><tr><th class="invisible"/></tr></table><p class="totop"><a href="#summary">back to summary</a></p>
<h3 id="m21">tests.LoginTest#lockedOutUser</h3><table class="result"><tr><th class="invisible"/></tr></table><p class="totop"><a href="#summary">back to summary</a></p>
<h3 id="m22">tests.LoginTest#problemUserLogin</h3><table class="result"><tr><th class="invisible"/></tr></table><p class="totop"><a href="#summary">back to summary</a></p>
<h3 id="m23">tests.LoginTest#usernameCaseSensitivity</h3><table class="result"><tr><th class="invisible"/></tr></table><p class="totop"><a href="#summary">back to summary</a></p>
<h3 id="m24">tests.LoginTest#validLogin</h3><table class="result"><tr><th class="invisible"/></tr></table><p class="totop"><a href="#summary">back to summary</a></p>
<h3 id="m25">tests.ProductTest#removeProductFromCart</h3><table class="result"><tr><th class="invisible"/></tr></table><p class="totop"><a href="#summary">back to summary</a></p>
<h3 id="m26">tests.ProductTest#sortByNameAZ</h3><table class="result"><tr><th class="invisible"/></tr></table><p class="totop"><a href="#summary">back to summary</a></p>
<h3 id="m27">tests.ProductTest#sortByNameZA</h3><table class="result"><tr><th class="invisible"/></tr></table><p class="totop"><a href="#summary">back to summary</a></p>
<h3 id="m28">tests.ProductTest#sortByPriceHighToLow</h3><table class="result"><tr><th class="invisible"/></tr></table><p class="totop"><a href="#summary">back to summary</a></p>
<h3 id="m29">tests.ProductTest#sortByPriceLowToHigh</h3><table class="result"><tr><th class="invisible"/></tr></table><p class="totop"><a href="#summary">back to summary</a></p>
<h3 id="m30">tests.ProductTest#verifyPageTitle</h3><table class="result"><tr><th class="invisible"/></tr></table><p class="totop"><a href="#summary">back to summary</a></p>
<h3 id="m31">tests.ProductUITest#checkFontSizeOfProductTitle</h3><table class="result"><tr><th class="invisible"/></tr></table><p class="totop"><a href="#summary">back to summary</a></p>
<h3 id="m32">tests.ProductUITest#checkPageTitleText</h3><table class="result"><tr><th class="invisible"/></tr></table><p class="totop"><a href="#summary">back to summary</a></p>
<h3 id="m33">tests.ProductUITest#checkPriceColor</h3><table class="result"><tr><th class="invisible"/></tr></table><p class="totop"><a href="#summary">back to summary</a></p>
<h3 id="m34">tests.ProductUITest#scrollToBottomAndVerifyFooter</h3><table class="result"><tr><th class="invisible"/></tr></table><p class="totop"><a href="#summary">back to summary</a></p>
<h3 id="m35">tests.ProductUITest#validateImagesLoaded</h3><table class="result"><tr><th class="invisible"/></tr></table><p class="totop"><a href="#summary">back to summary</a></p>
<h3 id="m36">tests.ProductUITest#verifyLogoIsVisible</h3><table class="result"><tr><th class="invisible"/></tr></table><p class="totop"><a href="#summary">back to summary</a></p>
</body>
</html>
